<?xml version="1.0" encoding="UTF-8"?>
<robot generator="Robot 6.1.1 (Python 3.10.12 on linux)" generated="20240210 12:54:52.099" rpa="false" schemaversion="4">
<suite id="s1" name="Projet" source="/home/andrew/Documents/QA/Docaposte/Projet">
<suite id="s1-s1" name="Robot" source="/home/andrew/Documents/QA/Docaposte/Projet/robot">
<suite id="s1-s1-s1" name="Test-Ecommerce" source="/home/andrew/Documents/QA/Docaposte/Projet/robot/test-ecommerce.robot">
<test id="s1-s1-s1-t1" name="E-Commerce" line="18">
<kw name="Open Browser" library="SeleniumLibrary" type="SETUP">
<arg>https://www.google.com/</arg>
<arg>chrome</arg>
<doc>Opens a new browser instance to the optional ``url``.</doc>
<msg timestamp="20240210 12:54:52.815" level="INFO">Opening browser 'chrome' to base url 'https://www.google.com/'.</msg>
<status status="PASS" starttime="20240210 12:54:52.812" endtime="20240210 12:54:58.562"/>
</kw>
<kw name="Maximize Browser Window" library="SeleniumLibrary">
<doc>Maximizes current browser window.</doc>
<status status="PASS" starttime="20240210 12:54:58.563" endtime="20240210 12:54:58.676"/>
</kw>
<kw name="Set Selenium Implicit Wait" library="SeleniumLibrary">
<arg>10 seconds</arg>
<doc>Sets the implicit wait value used by Selenium.</doc>
<status status="PASS" starttime="20240210 12:54:58.678" endtime="20240210 12:54:58.684"/>
</kw>
<kw name="Login">
<arg>${username}</arg>
<arg>${password}</arg>
<kw name="Go To" library="SeleniumLibrary">
<arg>${login_url}</arg>
<doc>Navigates the current browser window to the provided ``url``.</doc>
<msg timestamp="20240210 12:54:58.693" level="INFO">Opening url 'http://127.0.0.1:5000/login'</msg>
<status status="PASS" starttime="20240210 12:54:58.691" endtime="20240210 12:54:59.361"/>
</kw>
<kw name="Sleep" library="BuiltIn">
<arg>2 seconds</arg>
<doc>Pauses the test executed for the given time.</doc>
<msg timestamp="20240210 12:55:01.364" level="INFO">Slept 2 seconds</msg>
<status status="PASS" starttime="20240210 12:54:59.362" endtime="20240210 12:55:01.365"/>
</kw>
<kw name="Input Text" library="SeleniumLibrary">
<arg>id=username</arg>
<arg>${username}</arg>
<doc>Types the given ``text`` into the text field identified by ``locator``.</doc>
<msg timestamp="20240210 12:55:01.369" level="INFO">Typing text 'Vasia' into text field 'id=username'.</msg>
<status status="PASS" starttime="20240210 12:55:01.366" endtime="20240210 12:55:01.967"/>
</kw>
<kw name="Input Text" library="SeleniumLibrary">
<arg>id=password</arg>
<arg>${password}</arg>
<doc>Types the given ``text`` into the text field identified by ``locator``.</doc>
<msg timestamp="20240210 12:55:01.973" level="INFO">Typing text 'Password-1' into text field 'id=password'.</msg>
<status status="PASS" starttime="20240210 12:55:01.969" endtime="20240210 12:55:02.360"/>
</kw>
<kw name="Click Button" library="SeleniumLibrary">
<arg>id=submit</arg>
<doc>Clicks the button identified by ``locator``.</doc>
<msg timestamp="20240210 12:55:02.366" level="INFO">Clicking button 'id=submit'.</msg>
<status status="PASS" starttime="20240210 12:55:02.362" endtime="20240210 12:55:03.743"/>
</kw>
<status status="PASS" starttime="20240210 12:54:58.686" endtime="20240210 12:55:03.744"/>
</kw>
<kw name="Logout">
<kw name="Go To" library="SeleniumLibrary">
<arg>${logout_url}</arg>
<doc>Navigates the current browser window to the provided ``url``.</doc>
<msg timestamp="20240210 12:55:03.747" level="INFO">Opening url 'http://127.0.0.1:5000/logout'</msg>
<status status="PASS" starttime="20240210 12:55:03.746" endtime="20240210 12:55:04.104"/>
</kw>
<kw name="Sleep" library="BuiltIn">
<arg>5 seconds</arg>
<doc>Pauses the test executed for the given time.</doc>
<msg timestamp="20240210 12:55:09.107" level="INFO">Slept 5 seconds</msg>
<status status="PASS" starttime="20240210 12:55:04.105" endtime="20240210 12:55:09.108"/>
</kw>
<kw name="Get Title" library="SeleniumLibrary">
<var>${page_title}</var>
<doc>Returns the title of the current page.</doc>
<msg timestamp="20240210 12:55:09.128" level="INFO">${page_title} = E-Commerce</msg>
<status status="PASS" starttime="20240210 12:55:09.109" endtime="20240210 12:55:09.129"/>
</kw>
<kw name="Should Be Equal As Strings" library="BuiltIn">
<arg>first=${page_title}</arg>
<arg>second=E-Commerce</arg>
<arg>msg="Actual page title is '${page_title}'.\n Expected page title is 'E-Commerce'."</arg>
<doc>Fails if objects are unequal after converting them to strings.</doc>
<status status="PASS" starttime="20240210 12:55:09.130" endtime="20240210 12:55:09.132"/>
</kw>
<status status="PASS" starttime="20240210 12:55:03.745" endtime="20240210 12:55:09.133"/>
</kw>
<kw name="Close Browser" library="SeleniumLibrary" type="TEARDOWN">
<doc>Closes the current browser.</doc>
<status status="PASS" starttime="20240210 12:55:09.135" endtime="20240210 12:55:09.260"/>
</kw>
<status status="PASS" starttime="20240210 12:54:52.807" endtime="20240210 12:55:09.261"/>
</test>
<status status="PASS" starttime="20240210 12:54:52.211" endtime="20240210 12:55:09.267"/>
</suite>
<status status="PASS" starttime="20240210 12:54:52.202" endtime="20240210 12:55:09.276"/>
</suite>
<status status="PASS" starttime="20240210 12:54:52.110" endtime="20240210 12:55:09.283"/>
</suite>
<statistics>
<total>
<stat pass="1" fail="0" skip="0">All Tests</stat>
</total>
<tag>
</tag>
<suite>
<stat pass="1" fail="0" skip="0" id="s1" name="Projet">Projet</stat>
<stat pass="1" fail="0" skip="0" id="s1-s1" name="Robot">Projet.Robot</stat>
<stat pass="1" fail="0" skip="0" id="s1-s1-s1" name="Test-Ecommerce">Projet.Robot.Test-Ecommerce</stat>
</suite>
</statistics>
<errors>
</errors>
</robot>
