<?xml version="1.0" encoding="UTF-8"?>
<robot generator="Robot 6.1.1 (Python 3.10.12 on linux)" generated="20240211 01:14:06.499" rpa="false" schemaversion="4">
<suite id="s1" name="Projet" source="/home/andrew/Documents/QA/Docaposte/Projet">
<suite id="s1-s1" name="Robot" source="/home/andrew/Documents/QA/Docaposte/Projet/robot">
<suite id="s1-s1-s1" name="Test-Ecommerce" source="/home/andrew/Documents/QA/Docaposte/Projet/robot/test-ecommerce.robot">
<test id="s1-s1-s1-t1" name="E-Commerce" line="20">
<kw name="Open Browser" library="SeleniumLibrary" type="SETUP">
<arg>https://www.google.com/</arg>
<arg>chrome</arg>
<doc>Opens a new browser instance to the optional ``url``.</doc>
<msg timestamp="20240211 01:14:07.200" level="INFO">Opening browser 'chrome' to base url 'https://www.google.com/'.</msg>
<status status="PASS" starttime="20240211 01:14:07.197" endtime="20240211 01:14:12.622"/>
</kw>
<kw name="Maximize Browser Window" library="SeleniumLibrary">
<doc>Maximizes current browser window.</doc>
<status status="PASS" starttime="20240211 01:14:12.624" endtime="20240211 01:14:12.741"/>
</kw>
<kw name="Set Selenium Implicit Wait" library="SeleniumLibrary">
<arg>5 seconds</arg>
<doc>Sets the implicit wait value used by Selenium.</doc>
<status status="PASS" starttime="20240211 01:14:12.747" endtime="20240211 01:14:12.756"/>
</kw>
<kw name="Login">
<arg>${username}</arg>
<arg>${password}</arg>
<kw name="Go To" library="SeleniumLibrary">
<arg>${login_url}</arg>
<doc>Navigates the current browser window to the provided ``url``.</doc>
<msg timestamp="20240211 01:14:12.762" level="INFO">Opening url 'http://127.0.0.1:5000/login'</msg>
<status status="PASS" starttime="20240211 01:14:12.760" endtime="20240211 01:14:13.375"/>
</kw>
<kw name="Sleep" library="BuiltIn">
<arg>1 seconds</arg>
<doc>Pauses the test executed for the given time.</doc>
<msg timestamp="20240211 01:14:14.380" level="INFO">Slept 1 second</msg>
<status status="PASS" starttime="20240211 01:14:13.377" endtime="20240211 01:14:14.381"/>
</kw>
<kw name="Input Text" library="SeleniumLibrary">
<arg>id=username</arg>
<arg>${username}</arg>
<doc>Types the given ``text`` into the text field identified by ``locator``.</doc>
<msg timestamp="20240211 01:14:14.385" level="INFO">Typing text 'Vasia' into text field 'id=username'.</msg>
<status status="PASS" starttime="20240211 01:14:14.382" endtime="20240211 01:14:14.819"/>
</kw>
<kw name="Input Text" library="SeleniumLibrary">
<arg>id=password</arg>
<arg>${password}</arg>
<doc>Types the given ``text`` into the text field identified by ``locator``.</doc>
<msg timestamp="20240211 01:14:14.823" level="INFO">Typing text 'Password-1' into text field 'id=password'.</msg>
<status status="PASS" starttime="20240211 01:14:14.820" endtime="20240211 01:14:15.198"/>
</kw>
<kw name="Click Button" library="SeleniumLibrary">
<arg>id=submit</arg>
<doc>Clicks the button identified by ``locator``.</doc>
<msg timestamp="20240211 01:14:15.202" level="INFO">Clicking button 'id=submit'.</msg>
<status status="PASS" starttime="20240211 01:14:15.199" endtime="20240211 01:14:16.766"/>
</kw>
<status status="PASS" starttime="20240211 01:14:12.757" endtime="20240211 01:14:16.767"/>
</kw>
<kw name="Check Details">
<kw name="Go To" library="SeleniumLibrary">
<arg>${url_market}</arg>
<doc>Navigates the current browser window to the provided ``url``.</doc>
<msg timestamp="20240211 01:14:16.772" level="INFO">Opening url 'http://127.0.0.1:5000/market'</msg>
<status status="PASS" starttime="20240211 01:14:16.770" endtime="20240211 01:14:16.957"/>
</kw>
<kw name="Sleep" library="BuiltIn">
<arg>1 seconds</arg>
<doc>Pauses the test executed for the given time.</doc>
<msg timestamp="20240211 01:14:17.960" level="INFO">Slept 1 second</msg>
<status status="PASS" starttime="20240211 01:14:16.958" endtime="20240211 01:14:17.961"/>
</kw>
<kw name="Click Button" library="SeleniumLibrary">
<arg>xpath://button[contains(text(),'Info')]</arg>
<doc>Clicks the button identified by ``locator``.</doc>
<msg timestamp="20240211 01:14:17.965" level="INFO">Clicking button 'xpath://button[contains(text(),'Info')]'.</msg>
<status status="PASS" starttime="20240211 01:14:17.962" endtime="20240211 01:14:18.608"/>
</kw>
<kw name="Page Should Contain Element" library="SeleniumLibrary">
<arg>xpath://div[contains(@class,'modal-dialog')]</arg>
<arg>message=Actual result : There is no element with the class 'modal-dialog'.\nEcpected result : There is an modal window with the class 'modal-dialog'.</arg>
<doc>Verifies that element ``locator`` is found on the current page.</doc>
<msg timestamp="20240211 01:14:18.669" level="INFO">Current page contains element 'xpath://div[contains(@class,'modal-dialog')]'.</msg>
<status status="PASS" starttime="20240211 01:14:18.609" endtime="20240211 01:14:18.671"/>
</kw>
<kw name="Click Button" library="SeleniumLibrary">
<arg>xpath://button[contains(text(),'Close')]</arg>
<doc>Clicks the button identified by ``locator``.</doc>
<msg timestamp="20240211 01:14:18.675" level="INFO">Clicking button 'xpath://button[contains(text(),'Close')]'.</msg>
<status status="PASS" starttime="20240211 01:14:18.672" endtime="20240211 01:14:19.832"/>
</kw>
<status status="PASS" starttime="20240211 01:14:16.768" endtime="20240211 01:14:19.833"/>
</kw>
<kw name="Check Buy">
<kw name="Go To" library="SeleniumLibrary">
<arg>${url_market}</arg>
<doc>Navigates the current browser window to the provided ``url``.</doc>
<msg timestamp="20240211 01:14:19.838" level="INFO">Opening url 'http://127.0.0.1:5000/market'</msg>
<status status="PASS" starttime="20240211 01:14:19.836" endtime="20240211 01:14:20.095"/>
</kw>
<kw name="Sleep" library="BuiltIn">
<arg>1 seconds</arg>
<doc>Pauses the test executed for the given time.</doc>
<msg timestamp="20240211 01:14:21.098" level="INFO">Slept 1 second</msg>
<status status="PASS" starttime="20240211 01:14:20.096" endtime="20240211 01:14:21.099"/>
</kw>
<kw name="Get Element Count" library="SeleniumLibrary">
<var>${owned_items}</var>
<arg>xpath://div[contains(@class,'card-body')]</arg>
<doc>Returns the number of elements matching ``locator``.</doc>
<msg timestamp="20240211 01:14:26.162" level="INFO">${owned_items} = 0</msg>
<status status="PASS" starttime="20240211 01:14:21.100" endtime="20240211 01:14:26.163"/>
</kw>
<kw name="Should Be Equal As Numbers" library="BuiltIn">
<arg>first=${owned_items}</arg>
<arg>second=0</arg>
<arg>msg=Before buy:\nActual count of items is ${owned_items}.\nExpected cont of items is 0.</arg>
<doc>Fails if objects are unequal after converting them to real numbers.</doc>
<msg timestamp="20240211 01:14:26.168" level="INFO">Argument types are:
&lt;class 'int'&gt;
&lt;class 'str'&gt;</msg>
<status status="PASS" starttime="20240211 01:14:26.164" endtime="20240211 01:14:26.168"/>
</kw>
<kw name="Get Element Count" library="SeleniumLibrary">
<var>${available_items_before_buy}</var>
<arg>xpath://tr</arg>
<doc>Returns the number of elements matching ``locator``.</doc>
<msg timestamp="20240211 01:14:26.218" level="INFO">${available_items_before_buy} = 14</msg>
<status status="PASS" starttime="20240211 01:14:26.169" endtime="20240211 01:14:26.219"/>
</kw>
<kw name="Convert To Number" library="BuiltIn">
<var>${available_items_before_buy}</var>
<arg>${available_items_before_buy}</arg>
<doc>Converts the given item to a floating point number.</doc>
<msg timestamp="20240211 01:14:26.221" level="INFO">${available_items_before_buy} = 14.0</msg>
<status status="PASS" starttime="20240211 01:14:26.219" endtime="20240211 01:14:26.222"/>
</kw>
<kw name="Click Button" library="SeleniumLibrary">
<arg>xpath://button[contains(text(),'Buy')]</arg>
<doc>Clicks the button identified by ``locator``.</doc>
<msg timestamp="20240211 01:14:26.227" level="INFO">Clicking button 'xpath://button[contains(text(),'Buy')]'.</msg>
<status status="PASS" starttime="20240211 01:14:26.222" endtime="20240211 01:14:26.903"/>
</kw>
<kw name="Wait Until Element Is Visible" library="SeleniumLibrary">
<arg>id=submit</arg>
<doc>Waits until the element ``locator`` is visible.</doc>
<status status="PASS" starttime="20240211 01:14:26.904" endtime="20240211 01:14:27.300"/>
</kw>
<kw name="Click Element" library="SeleniumLibrary">
<arg>id=submit</arg>
<doc>Click the element identified by ``locator``.</doc>
<msg timestamp="20240211 01:14:27.305" level="INFO">Clicking element 'id=submit'.</msg>
<status status="PASS" starttime="20240211 01:14:27.301" endtime="20240211 01:14:27.997"/>
</kw>
<kw name="Get Element Count" library="SeleniumLibrary">
<var>${owned_items}</var>
<arg>xpath://div[contains(@class,'card-body')]</arg>
<doc>Returns the number of elements matching ``locator``.</doc>
<msg timestamp="20240211 01:14:28.042" level="INFO">${owned_items} = 1</msg>
<status status="PASS" starttime="20240211 01:14:27.998" endtime="20240211 01:14:28.044"/>
</kw>
<kw name="Should Be Equal As Numbers" library="BuiltIn">
<arg>first=${owned_items}</arg>
<arg>second=1</arg>
<arg>msg=After buy:\nActual count of items is ${owned_items}.\nExpected cont of items is 1.</arg>
<doc>Fails if objects are unequal after converting them to real numbers.</doc>
<msg timestamp="20240211 01:14:28.055" level="INFO">Argument types are:
&lt;class 'int'&gt;
&lt;class 'str'&gt;</msg>
<status status="PASS" starttime="20240211 01:14:28.046" endtime="20240211 01:14:28.056"/>
</kw>
<kw name="Get Element Count" library="SeleniumLibrary">
<var>${available_items_after_buy}</var>
<arg>xpath://tr</arg>
<doc>Returns the number of elements matching ``locator``.</doc>
<msg timestamp="20240211 01:14:28.106" level="INFO">${available_items_after_buy} = 13</msg>
<status status="PASS" starttime="20240211 01:14:28.057" endtime="20240211 01:14:28.107"/>
</kw>
<kw name="Convert To Number" library="BuiltIn">
<var>${available_items_after_buy}</var>
<arg>${available_items_after_buy}</arg>
<doc>Converts the given item to a floating point number.</doc>
<msg timestamp="20240211 01:14:28.111" level="INFO">${available_items_after_buy} = 13.0</msg>
<status status="PASS" starttime="20240211 01:14:28.108" endtime="20240211 01:14:28.112"/>
</kw>
<kw name="Evaluate" library="BuiltIn">
<var>${check_items}</var>
<arg>${available_items_before_buy} - 1</arg>
<doc>Evaluates the given expression in Python and returns the result.</doc>
<msg timestamp="20240211 01:14:28.116" level="INFO">${check_items} = 13.0</msg>
<status status="PASS" starttime="20240211 01:14:28.113" endtime="20240211 01:14:28.117"/>
</kw>
<kw name="Should Be Equal As Numbers" library="BuiltIn">
<arg>first=${available_items_after_buy}</arg>
<arg>second=${check_items}</arg>
<arg>msg=Available items after buy ERROR.</arg>
<doc>Fails if objects are unequal after converting them to real numbers.</doc>
<status status="PASS" starttime="20240211 01:14:28.118" endtime="20240211 01:14:28.123"/>
</kw>
<status status="PASS" starttime="20240211 01:14:19.835" endtime="20240211 01:14:28.124"/>
</kw>
<kw name="Check Sell">
<kw name="Go To" library="SeleniumLibrary">
<arg>${url_market}</arg>
<doc>Navigates the current browser window to the provided ``url``.</doc>
<msg timestamp="20240211 01:14:28.133" level="INFO">Opening url 'http://127.0.0.1:5000/market'</msg>
<status status="PASS" starttime="20240211 01:14:28.131" endtime="20240211 01:14:28.701"/>
</kw>
<kw name="Sleep" library="BuiltIn">
<arg>1 seconds</arg>
<doc>Pauses the test executed for the given time.</doc>
<msg timestamp="20240211 01:14:29.711" level="INFO">Slept 1 second</msg>
<status status="PASS" starttime="20240211 01:14:28.709" endtime="20240211 01:14:29.712"/>
</kw>
<kw name="Get Element Count" library="SeleniumLibrary">
<var>${owned_items}</var>
<arg>xpath://div[contains(@class,'card-body')]</arg>
<doc>Returns the number of elements matching ``locator``.</doc>
<msg timestamp="20240211 01:14:29.750" level="INFO">${owned_items} = 1</msg>
<status status="PASS" starttime="20240211 01:14:29.713" endtime="20240211 01:14:29.751"/>
</kw>
<kw name="Should Be Equal As Numbers" library="BuiltIn">
<arg>first=${owned_items}</arg>
<arg>second=1</arg>
<arg>msg=Before sell:\nActual count of items is ${owned_items}.\nExpected cont of items is 1.</arg>
<doc>Fails if objects are unequal after converting them to real numbers.</doc>
<msg timestamp="20240211 01:14:29.754" level="INFO">Argument types are:
&lt;class 'int'&gt;
&lt;class 'str'&gt;</msg>
<status status="PASS" starttime="20240211 01:14:29.751" endtime="20240211 01:14:29.754"/>
</kw>
<kw name="Get Element Count" library="SeleniumLibrary">
<var>${available_items_before_sell}</var>
<arg>xpath://tr</arg>
<doc>Returns the number of elements matching ``locator``.</doc>
<msg timestamp="20240211 01:14:29.792" level="INFO">${available_items_before_sell} = 13</msg>
<status status="PASS" starttime="20240211 01:14:29.755" endtime="20240211 01:14:29.793"/>
</kw>
<kw name="Convert To Number" library="BuiltIn">
<var>${available_items_before_sell}</var>
<arg>${available_items_before_sell}</arg>
<doc>Converts the given item to a floating point number.</doc>
<msg timestamp="20240211 01:14:29.796" level="INFO">${available_items_before_sell} = 13.0</msg>
<status status="PASS" starttime="20240211 01:14:29.794" endtime="20240211 01:14:29.798"/>
</kw>
<kw name="Click Button" library="SeleniumLibrary">
<arg>xpath://button[contains(text(),'Sell')]</arg>
<doc>Clicks the button identified by ``locator``.</doc>
<msg timestamp="20240211 01:14:29.801" level="INFO">Clicking button 'xpath://button[contains(text(),'Sell')]'.</msg>
<status status="PASS" starttime="20240211 01:14:29.799" endtime="20240211 01:14:30.055"/>
</kw>
<kw name="Sleep" library="BuiltIn">
<arg>1 seconds</arg>
<doc>Pauses the test executed for the given time.</doc>
<msg timestamp="20240211 01:14:31.058" level="INFO">Slept 1 second</msg>
<status status="PASS" starttime="20240211 01:14:30.056" endtime="20240211 01:14:31.059"/>
</kw>
<kw name="Click Element" library="SeleniumLibrary">
<arg>xpath://div[@id='Sell-1']/div/div/div[2]/form/div/input[2]</arg>
<doc>Click the element identified by ``locator``.</doc>
<msg timestamp="20240211 01:14:31.062" level="INFO">Clicking element 'xpath://div[@id='Sell-1']/div/div/div[2]/form/div/input[2]'.</msg>
<status status="PASS" starttime="20240211 01:14:31.060" endtime="20240211 01:14:31.859"/>
</kw>
<kw name="Get Element Count" library="SeleniumLibrary">
<var>${owned_items}</var>
<arg>xpath://div[contains(@class,'card-body')]</arg>
<doc>Returns the number of elements matching ``locator``.</doc>
<msg timestamp="20240211 01:14:36.936" level="INFO">${owned_items} = 0</msg>
<status status="PASS" starttime="20240211 01:14:31.861" endtime="20240211 01:14:36.937"/>
</kw>
<kw name="Should Be Equal As Numbers" library="BuiltIn">
<arg>first=${owned_items}</arg>
<arg>second=0</arg>
<arg>msg=After sell:\nActual count of items is ${owned_items}.\nExpected cont of items is 0.</arg>
<doc>Fails if objects are unequal after converting them to real numbers.</doc>
<msg timestamp="20240211 01:14:36.940" level="INFO">Argument types are:
&lt;class 'int'&gt;
&lt;class 'str'&gt;</msg>
<status status="PASS" starttime="20240211 01:14:36.938" endtime="20240211 01:14:36.941"/>
</kw>
<kw name="Get Element Count" library="SeleniumLibrary">
<var>${available_items_after_sell}</var>
<arg>xpath://tr</arg>
<doc>Returns the number of elements matching ``locator``.</doc>
<msg timestamp="20240211 01:14:36.975" level="INFO">${available_items_after_sell} = 14</msg>
<status status="PASS" starttime="20240211 01:14:36.941" endtime="20240211 01:14:36.976"/>
</kw>
<kw name="Convert To Number" library="BuiltIn">
<var>${available_items_after_sell}</var>
<arg>${available_items_after_sell}</arg>
<doc>Converts the given item to a floating point number.</doc>
<msg timestamp="20240211 01:14:36.980" level="INFO">${available_items_after_sell} = 14.0</msg>
<status status="PASS" starttime="20240211 01:14:36.977" endtime="20240211 01:14:36.981"/>
</kw>
<kw name="Evaluate" library="BuiltIn">
<var>${check_items}</var>
<arg>${available_items_before_sell} + 1</arg>
<doc>Evaluates the given expression in Python and returns the result.</doc>
<msg timestamp="20240211 01:14:36.984" level="INFO">${check_items} = 14.0</msg>
<status status="PASS" starttime="20240211 01:14:36.982" endtime="20240211 01:14:36.984"/>
</kw>
<kw name="Should Be Equal As Numbers" library="BuiltIn">
<arg>first=${available_items_after_sell}</arg>
<arg>second=${check_items}</arg>
<arg>msg=Available items after sell ERROR.</arg>
<doc>Fails if objects are unequal after converting them to real numbers.</doc>
<status status="PASS" starttime="20240211 01:14:36.985" endtime="20240211 01:14:36.989"/>
</kw>
<status status="PASS" starttime="20240211 01:14:28.128" endtime="20240211 01:14:36.990"/>
</kw>
<kw name="Check Balance">
<kw name="Go To" library="SeleniumLibrary">
<arg>${url_market}</arg>
<doc>Navigates the current browser window to the provided ``url``.</doc>
<msg timestamp="20240211 01:14:36.994" level="INFO">Opening url 'http://127.0.0.1:5000/market'</msg>
<status status="PASS" starttime="20240211 01:14:36.993" endtime="20240211 01:14:37.315"/>
</kw>
<kw name="Sleep" library="BuiltIn">
<arg>1 seconds</arg>
<doc>Pauses the test executed for the given time.</doc>
<msg timestamp="20240211 01:14:38.319" level="INFO">Slept 1 second</msg>
<status status="PASS" starttime="20240211 01:14:37.317" endtime="20240211 01:14:38.320"/>
</kw>
<kw name="Get Text" library="SeleniumLibrary">
<var>${balance_before}</var>
<arg>xpath://a[contains(@style,'color: lawngreen; font-weight: bold')]</arg>
<doc>Returns the text value of the element identified by ``locator``.</doc>
<msg timestamp="20240211 01:14:38.423" level="INFO">${balance_before} = 10,000 $</msg>
<status status="PASS" starttime="20240211 01:14:38.321" endtime="20240211 01:14:38.424"/>
</kw>
<kw name="Remove String" library="String">
<var>${balance_before}</var>
<arg>${balance_before}</arg>
<arg>$</arg>
<arg>,</arg>
<doc>Removes all ``removables`` from the given ``string``.</doc>
<msg timestamp="20240211 01:14:38.426" level="INFO">${balance_before} = 10000 </msg>
<status status="PASS" starttime="20240211 01:14:38.424" endtime="20240211 01:14:38.426"/>
</kw>
<kw name="Convert To Integer" library="BuiltIn">
<var>${balance_before}</var>
<arg>${balance_before}</arg>
<doc>Converts the given item to an integer number.</doc>
<msg timestamp="20240211 01:14:38.429" level="INFO">${balance_before} = 10000</msg>
<status status="PASS" starttime="20240211 01:14:38.427" endtime="20240211 01:14:38.430"/>
</kw>
<kw name="Set Variable" library="BuiltIn">
<var>${expected_balance}</var>
<arg>${10000}</arg>
<doc>Returns the given values which can then be assigned to a variables.</doc>
<msg timestamp="20240211 01:14:38.433" level="INFO">${expected_balance} = 10000</msg>
<status status="PASS" starttime="20240211 01:14:38.430" endtime="20240211 01:14:38.434"/>
</kw>
<kw name="Should Be Equal As Numbers" library="BuiltIn">
<arg>first=${balance_before}</arg>
<arg>second=10000</arg>
<arg>msg=Balance start:\nActual balance is ${balance_before}.\nExpected balance is ${expected_balance}.</arg>
<doc>Fails if objects are unequal after converting them to real numbers.</doc>
<msg timestamp="20240211 01:14:38.438" level="INFO">Argument types are:
&lt;class 'int'&gt;
&lt;class 'str'&gt;</msg>
<status status="PASS" starttime="20240211 01:14:38.435" endtime="20240211 01:14:38.439"/>
</kw>
<kw name="Get Text" library="SeleniumLibrary">
<var>${price}</var>
<arg>xpath://tr[1]/td[3]</arg>
<doc>Returns the text value of the element identified by ``locator``.</doc>
<msg timestamp="20240211 01:14:38.519" level="INFO">${price} = 3,000 $</msg>
<status status="PASS" starttime="20240211 01:14:38.440" endtime="20240211 01:14:38.520"/>
</kw>
<kw name="Remove String" library="String">
<var>${price}</var>
<arg>${price}</arg>
<arg>$</arg>
<arg>,</arg>
<doc>Removes all ``removables`` from the given ``string``.</doc>
<msg timestamp="20240211 01:14:38.522" level="INFO">${price} = 3000 </msg>
<status status="PASS" starttime="20240211 01:14:38.521" endtime="20240211 01:14:38.523"/>
</kw>
<kw name="Convert To Integer" library="BuiltIn">
<var>${price}</var>
<arg>${price}</arg>
<doc>Converts the given item to an integer number.</doc>
<msg timestamp="20240211 01:14:38.525" level="INFO">${price} = 3000</msg>
<status status="PASS" starttime="20240211 01:14:38.524" endtime="20240211 01:14:38.526"/>
</kw>
<kw name="Evaluate" library="BuiltIn">
<var>${expected_balance}</var>
<arg>${balance_before} - ${price}</arg>
<doc>Evaluates the given expression in Python and returns the result.</doc>
<msg timestamp="20240211 01:14:38.529" level="INFO">${expected_balance} = 7000</msg>
<status status="PASS" starttime="20240211 01:14:38.527" endtime="20240211 01:14:38.529"/>
</kw>
<kw name="Click Button" library="SeleniumLibrary">
<arg>xpath://button[contains(text(),'Buy')]</arg>
<doc>Clicks the button identified by ``locator``.</doc>
<msg timestamp="20240211 01:14:38.534" level="INFO">Clicking button 'xpath://button[contains(text(),'Buy')]'.</msg>
<status status="PASS" starttime="20240211 01:14:38.530" endtime="20240211 01:14:39.185"/>
</kw>
<kw name="Wait Until Element Is Visible" library="SeleniumLibrary">
<arg>id=submit</arg>
<doc>Waits until the element ``locator`` is visible.</doc>
<status status="PASS" starttime="20240211 01:14:39.186" endtime="20240211 01:14:39.548"/>
</kw>
<kw name="Click Element" library="SeleniumLibrary">
<arg>id=submit</arg>
<doc>Click the element identified by ``locator``.</doc>
<msg timestamp="20240211 01:14:39.553" level="INFO">Clicking element 'id=submit'.</msg>
<status status="PASS" starttime="20240211 01:14:39.549" endtime="20240211 01:14:40.028"/>
</kw>
<kw name="Get Text" library="SeleniumLibrary">
<var>${balance_after}</var>
<arg>xpath://a[contains(@style,'color: lawngreen; font-weight: bold')]</arg>
<doc>Returns the text value of the element identified by ``locator``.</doc>
<msg timestamp="20240211 01:14:40.103" level="INFO">${balance_after} = 7,000 $</msg>
<status status="PASS" starttime="20240211 01:14:40.030" endtime="20240211 01:14:40.104"/>
</kw>
<kw name="Remove String" library="String">
<var>${balance_after}</var>
<arg>${balance_after}</arg>
<arg>$</arg>
<arg>,</arg>
<doc>Removes all ``removables`` from the given ``string``.</doc>
<msg timestamp="20240211 01:14:40.106" level="INFO">${balance_after} = 7000 </msg>
<status status="PASS" starttime="20240211 01:14:40.105" endtime="20240211 01:14:40.107"/>
</kw>
<kw name="Convert To Integer" library="BuiltIn">
<var>${balance_after}</var>
<arg>${balance_after}</arg>
<doc>Converts the given item to an integer number.</doc>
<msg timestamp="20240211 01:14:40.110" level="INFO">${balance_after} = 7000</msg>
<status status="PASS" starttime="20240211 01:14:40.108" endtime="20240211 01:14:40.110"/>
</kw>
<kw name="Should Be Equal As Numbers" library="BuiltIn">
<arg>first=${balance_after}</arg>
<arg>second=${expected_balance}</arg>
<arg>msg=Balance start:\nActual balance is ${balance_after}.\nExpected balance is ${expected_balance}.</arg>
<doc>Fails if objects are unequal after converting them to real numbers.</doc>
<status status="PASS" starttime="20240211 01:14:40.111" endtime="20240211 01:14:40.113"/>
</kw>
<kw name="Click Button" library="SeleniumLibrary">
<arg>xpath://button[contains(text(),'Sell')]</arg>
<doc>Clicks the button identified by ``locator``.</doc>
<msg timestamp="20240211 01:14:40.117" level="INFO">Clicking button 'xpath://button[contains(text(),'Sell')]'.</msg>
<status status="PASS" starttime="20240211 01:14:40.114" endtime="20240211 01:14:40.357"/>
</kw>
<kw name="Sleep" library="BuiltIn">
<arg>1 seconds</arg>
<doc>Pauses the test executed for the given time.</doc>
<msg timestamp="20240211 01:14:41.359" level="INFO">Slept 1 second</msg>
<status status="PASS" starttime="20240211 01:14:40.358" endtime="20240211 01:14:41.360"/>
</kw>
<kw name="Click Element" library="SeleniumLibrary">
<arg>xpath://div[@id='Sell-1']/div/div/div[2]/form/div/input[2]</arg>
<doc>Click the element identified by ``locator``.</doc>
<msg timestamp="20240211 01:14:41.364" level="INFO">Clicking element 'xpath://div[@id='Sell-1']/div/div/div[2]/form/div/input[2]'.</msg>
<status status="PASS" starttime="20240211 01:14:41.361" endtime="20240211 01:14:41.940"/>
</kw>
<kw name="Get Text" library="SeleniumLibrary">
<var>${balance_after}</var>
<arg>xpath://a[contains(@style,'color: lawngreen; font-weight: bold')]</arg>
<doc>Returns the text value of the element identified by ``locator``.</doc>
<msg timestamp="20240211 01:14:42.020" level="INFO">${balance_after} = 10,000 $</msg>
<status status="PASS" starttime="20240211 01:14:41.941" endtime="20240211 01:14:42.022"/>
</kw>
<kw name="Remove String" library="String">
<var>${balance_after}</var>
<arg>${balance_after}</arg>
<arg>$</arg>
<arg>,</arg>
<doc>Removes all ``removables`` from the given ``string``.</doc>
<msg timestamp="20240211 01:14:42.027" level="INFO">${balance_after} = 10000 </msg>
<status status="PASS" starttime="20240211 01:14:42.024" endtime="20240211 01:14:42.028"/>
</kw>
<kw name="Convert To Integer" library="BuiltIn">
<var>${balance_after}</var>
<arg>${balance_after}</arg>
<doc>Converts the given item to an integer number.</doc>
<msg timestamp="20240211 01:14:42.031" level="INFO">${balance_after} = 10000</msg>
<status status="PASS" starttime="20240211 01:14:42.029" endtime="20240211 01:14:42.032"/>
</kw>
<kw name="Set Variable" library="BuiltIn">
<var>${expected_balance}</var>
<arg>${10000}</arg>
<doc>Returns the given values which can then be assigned to a variables.</doc>
<msg timestamp="20240211 01:14:42.038" level="INFO">${expected_balance} = 10000</msg>
<status status="PASS" starttime="20240211 01:14:42.033" endtime="20240211 01:14:42.039"/>
</kw>
<kw name="Should Be Equal As Numbers" library="BuiltIn">
<arg>first=${balance_after}</arg>
<arg>second=${expected_balance}</arg>
<arg>msg=Balance start:\nActual balance is ${balance_after}.\nExpected balance is ${expected_balance}.</arg>
<doc>Fails if objects are unequal after converting them to real numbers.</doc>
<status status="PASS" starttime="20240211 01:14:42.040" endtime="20240211 01:14:42.043"/>
</kw>
<status status="PASS" starttime="20240211 01:14:36.991" endtime="20240211 01:14:42.043"/>
</kw>
<kw name="Check List Owned">
<kw name="Go To" library="SeleniumLibrary">
<arg>${url_market}</arg>
<doc>Navigates the current browser window to the provided ``url``.</doc>
<msg timestamp="20240211 01:14:42.048" level="INFO">Opening url 'http://127.0.0.1:5000/market'</msg>
<status status="PASS" starttime="20240211 01:14:42.046" endtime="20240211 01:14:42.426"/>
</kw>
<kw name="Sleep" library="BuiltIn">
<arg>1 seconds</arg>
<doc>Pauses the test executed for the given time.</doc>
<msg timestamp="20240211 01:14:43.429" level="INFO">Slept 1 second</msg>
<status status="PASS" starttime="20240211 01:14:42.427" endtime="20240211 01:14:43.430"/>
</kw>
<kw name="Get Element Count" library="SeleniumLibrary">
<var>${owned_items}</var>
<arg>xpath://div[contains(@class,'card-body')]</arg>
<doc>Returns the number of elements matching ``locator``.</doc>
<msg timestamp="20240211 01:14:48.510" level="INFO">${owned_items} = 0</msg>
<status status="PASS" starttime="20240211 01:14:43.432" endtime="20240211 01:14:48.510"/>
</kw>
<kw name="Should Be Equal As Numbers" library="BuiltIn">
<arg>first=${owned_items}</arg>
<arg>second=0</arg>
<arg>msg=Before buy:\nActual count of items is ${owned_items}.\nExpected cont of items is 0.</arg>
<doc>Fails if objects are unequal after converting them to real numbers.</doc>
<msg timestamp="20240211 01:14:48.514" level="INFO">Argument types are:
&lt;class 'int'&gt;
&lt;class 'str'&gt;</msg>
<status status="PASS" starttime="20240211 01:14:48.511" endtime="20240211 01:14:48.515"/>
</kw>
<kw name="Click Button" library="SeleniumLibrary">
<arg>xpath://button[contains(text(),'Buy')]</arg>
<doc>Clicks the button identified by ``locator``.</doc>
<msg timestamp="20240211 01:14:48.518" level="INFO">Clicking button 'xpath://button[contains(text(),'Buy')]'.</msg>
<status status="PASS" starttime="20240211 01:14:48.515" endtime="20240211 01:14:49.168"/>
</kw>
<kw name="Wait Until Element Is Visible" library="SeleniumLibrary">
<arg>id=submit</arg>
<doc>Waits until the element ``locator`` is visible.</doc>
<status status="PASS" starttime="20240211 01:14:49.169" endtime="20240211 01:14:49.562"/>
</kw>
<kw name="Click Element" library="SeleniumLibrary">
<arg>id=submit</arg>
<doc>Click the element identified by ``locator``.</doc>
<msg timestamp="20240211 01:14:49.566" level="INFO">Clicking element 'id=submit'.</msg>
<status status="PASS" starttime="20240211 01:14:49.564" endtime="20240211 01:14:50.037"/>
</kw>
<kw name="Get Element Count" library="SeleniumLibrary">
<var>${owned_items}</var>
<arg>xpath://div[contains(@class,'card-body')]</arg>
<doc>Returns the number of elements matching ``locator``.</doc>
<msg timestamp="20240211 01:14:50.081" level="INFO">${owned_items} = 1</msg>
<status status="PASS" starttime="20240211 01:14:50.039" endtime="20240211 01:14:50.082"/>
</kw>
<kw name="Should Be Equal As Numbers" library="BuiltIn">
<arg>first=${owned_items}</arg>
<arg>second=1</arg>
<arg>msg=After buy:\nActual count of items is ${owned_items}.\nExpected cont of items is 1.</arg>
<doc>Fails if objects are unequal after converting them to real numbers.</doc>
<msg timestamp="20240211 01:14:50.086" level="INFO">Argument types are:
&lt;class 'int'&gt;
&lt;class 'str'&gt;</msg>
<status status="PASS" starttime="20240211 01:14:50.083" endtime="20240211 01:14:50.086"/>
</kw>
<kw name="Get Element Count" library="SeleniumLibrary">
<var>${owned_items}</var>
<arg>xpath://div[contains(@class,'card-body')]</arg>
<doc>Returns the number of elements matching ``locator``.</doc>
<msg timestamp="20240211 01:14:50.127" level="INFO">${owned_items} = 1</msg>
<status status="PASS" starttime="20240211 01:14:50.087" endtime="20240211 01:14:50.128"/>
</kw>
<kw name="Should Be Equal As Numbers" library="BuiltIn">
<arg>first=${owned_items}</arg>
<arg>second=1</arg>
<arg>msg=Before sell:\nActual count of items is ${owned_items}.\nExpected cont of items is 1.</arg>
<doc>Fails if objects are unequal after converting them to real numbers.</doc>
<msg timestamp="20240211 01:14:50.132" level="INFO">Argument types are:
&lt;class 'int'&gt;
&lt;class 'str'&gt;</msg>
<status status="PASS" starttime="20240211 01:14:50.129" endtime="20240211 01:14:50.132"/>
</kw>
<kw name="Click Button" library="SeleniumLibrary">
<arg>xpath://button[contains(text(),'Sell')]</arg>
<doc>Clicks the button identified by ``locator``.</doc>
<msg timestamp="20240211 01:14:50.136" level="INFO">Clicking button 'xpath://button[contains(text(),'Sell')]'.</msg>
<status status="PASS" starttime="20240211 01:14:50.134" endtime="20240211 01:14:50.373"/>
</kw>
<kw name="Sleep" library="BuiltIn">
<arg>1 seconds</arg>
<doc>Pauses the test executed for the given time.</doc>
<msg timestamp="20240211 01:14:51.376" level="INFO">Slept 1 second</msg>
<status status="PASS" starttime="20240211 01:14:50.375" endtime="20240211 01:14:51.378"/>
</kw>
<kw name="Click Element" library="SeleniumLibrary">
<arg>xpath://div[@id='Sell-1']/div/div/div[2]/form/div/input[2]</arg>
<doc>Click the element identified by ``locator``.</doc>
<msg timestamp="20240211 01:14:51.381" level="INFO">Clicking element 'xpath://div[@id='Sell-1']/div/div/div[2]/form/div/input[2]'.</msg>
<status status="PASS" starttime="20240211 01:14:51.379" endtime="20240211 01:14:52.004"/>
</kw>
<kw name="Get Element Count" library="SeleniumLibrary">
<var>${owned_items}</var>
<arg>xpath://div[contains(@class,'card-body')]</arg>
<doc>Returns the number of elements matching ``locator``.</doc>
<msg timestamp="20240211 01:14:57.056" level="INFO">${owned_items} = 0</msg>
<status status="PASS" starttime="20240211 01:14:52.006" endtime="20240211 01:14:57.056"/>
</kw>
<kw name="Should Be Equal As Numbers" library="BuiltIn">
<arg>first=${owned_items}</arg>
<arg>second=0</arg>
<arg>msg=After sell:\nActual count of items is ${owned_items}.\nExpected cont of items is 0.</arg>
<doc>Fails if objects are unequal after converting them to real numbers.</doc>
<msg timestamp="20240211 01:14:57.060" level="INFO">Argument types are:
&lt;class 'int'&gt;
&lt;class 'str'&gt;</msg>
<status status="PASS" starttime="20240211 01:14:57.058" endtime="20240211 01:14:57.061"/>
</kw>
<status status="PASS" starttime="20240211 01:14:42.045" endtime="20240211 01:14:57.062"/>
</kw>
<kw name="Logout">
<kw name="Go To" library="SeleniumLibrary">
<arg>${logout_url}</arg>
<doc>Navigates the current browser window to the provided ``url``.</doc>
<msg timestamp="20240211 01:14:57.066" level="INFO">Opening url 'http://127.0.0.1:5000/logout'</msg>
<status status="PASS" starttime="20240211 01:14:57.065" endtime="20240211 01:14:57.448"/>
</kw>
<kw name="Sleep" library="BuiltIn">
<arg>1 seconds</arg>
<doc>Pauses the test executed for the given time.</doc>
<msg timestamp="20240211 01:14:58.451" level="INFO">Slept 1 second</msg>
<status status="PASS" starttime="20240211 01:14:57.449" endtime="20240211 01:14:58.452"/>
</kw>
<kw name="Get Title" library="SeleniumLibrary">
<var>${page_title}</var>
<doc>Returns the title of the current page.</doc>
<msg timestamp="20240211 01:14:58.474" level="INFO">${page_title} = E-Commerce</msg>
<status status="PASS" starttime="20240211 01:14:58.453" endtime="20240211 01:14:58.474"/>
</kw>
<kw name="Should Be Equal As Strings" library="BuiltIn">
<arg>first=${page_title}</arg>
<arg>second=E-Commerce</arg>
<arg>msg=Actual page title is '${page_title}'.\nExpected page title is 'E-Commerce'.</arg>
<doc>Fails if objects are unequal after converting them to strings.</doc>
<status status="PASS" starttime="20240211 01:14:58.476" endtime="20240211 01:14:58.479"/>
</kw>
<status status="PASS" starttime="20240211 01:14:57.063" endtime="20240211 01:14:58.479"/>
</kw>
<kw name="Login Incorrect">
<arg>${username}</arg>
<arg>${password_incorrect}</arg>
<kw name="Go To" library="SeleniumLibrary">
<arg>${login_url}</arg>
<doc>Navigates the current browser window to the provided ``url``.</doc>
<msg timestamp="20240211 01:14:58.486" level="INFO">Opening url 'http://127.0.0.1:5000/login'</msg>
<status status="PASS" starttime="20240211 01:14:58.484" endtime="20240211 01:14:58.672"/>
</kw>
<kw name="Sleep" library="BuiltIn">
<arg>1 seconds</arg>
<doc>Pauses the test executed for the given time.</doc>
<msg timestamp="20240211 01:14:59.676" level="INFO">Slept 1 second</msg>
<status status="PASS" starttime="20240211 01:14:58.673" endtime="20240211 01:14:59.677"/>
</kw>
<kw name="Input Text" library="SeleniumLibrary">
<arg>id=username</arg>
<arg>${username}</arg>
<doc>Types the given ``text`` into the text field identified by ``locator``.</doc>
<msg timestamp="20240211 01:14:59.682" level="INFO">Typing text 'Vasia' into text field 'id=username'.</msg>
<status status="PASS" starttime="20240211 01:14:59.678" endtime="20240211 01:15:00.004"/>
</kw>
<kw name="Input Text" library="SeleniumLibrary">
<arg>id=password</arg>
<arg>${password_incorrect}</arg>
<doc>Types the given ``text`` into the text field identified by ``locator``.</doc>
<msg timestamp="20240211 01:15:00.011" level="INFO">Typing text 'password-1' into text field 'id=password'.</msg>
<status status="PASS" starttime="20240211 01:15:00.006" endtime="20240211 01:15:00.352"/>
</kw>
<kw name="Click Button" library="SeleniumLibrary">
<arg>id=submit</arg>
<doc>Clicks the button identified by ``locator``.</doc>
<msg timestamp="20240211 01:15:00.356" level="INFO">Clicking button 'id=submit'.</msg>
<status status="PASS" starttime="20240211 01:15:00.353" endtime="20240211 01:15:01.772"/>
</kw>
<kw name="Get Text" library="SeleniumLibrary">
<var>${alert_text}</var>
<arg>xpath://div[@class='alert alert-danger'][1]</arg>
<doc>Returns the text value of the element identified by ``locator``.</doc>
<msg timestamp="20240211 01:15:01.869" level="INFO">${alert_text} = ×
Username and password are not match! Please try again</msg>
<status status="PASS" starttime="20240211 01:15:01.773" endtime="20240211 01:15:01.870"/>
</kw>
<kw name="Should Be Equal As Strings" library="BuiltIn">
<arg>first=${alert_text}</arg>
<arg>second=×\nUsername and password are not match! Please try again</arg>
<arg>msg=Actual alert message : ${alert_text}\nExpected message : ×\nUsername and password are not match! Please try again.</arg>
<doc>Fails if objects are unequal after converting them to strings.</doc>
<status status="PASS" starttime="20240211 01:15:01.870" endtime="20240211 01:15:01.874"/>
</kw>
<status status="PASS" starttime="20240211 01:14:58.482" endtime="20240211 01:15:01.875"/>
</kw>
<kw name="Close Browser" library="SeleniumLibrary" type="TEARDOWN">
<doc>Closes the current browser.</doc>
<status status="PASS" starttime="20240211 01:15:01.877" endtime="20240211 01:15:02.103"/>
</kw>
<status status="PASS" starttime="20240211 01:14:07.193" endtime="20240211 01:15:02.104"/>
</test>
<status status="PASS" starttime="20240211 01:14:06.607" endtime="20240211 01:15:02.110"/>
</suite>
<status status="PASS" starttime="20240211 01:14:06.598" endtime="20240211 01:15:02.123"/>
</suite>
<status status="PASS" starttime="20240211 01:14:06.512" endtime="20240211 01:15:02.132"/>
</suite>
<statistics>
<total>
<stat pass="1" fail="0" skip="0">All Tests</stat>
</total>
<tag>
</tag>
<suite>
<stat pass="1" fail="0" skip="0" id="s1" name="Projet">Projet</stat>
<stat pass="1" fail="0" skip="0" id="s1-s1" name="Robot">Projet.Robot</stat>
<stat pass="1" fail="0" skip="0" id="s1-s1-s1" name="Test-Ecommerce">Projet.Robot.Test-Ecommerce</stat>
</suite>
</statistics>
<errors>
</errors>
</robot>
