<?xml version="1.0" encoding="UTF-8"?>
<robot generator="Robot 6.1.1 (Python 3.10.12 on linux)" generated="20240212 10:24:58.294" rpa="false" schemaversion="4">
<suite id="s1" name="Projet" source="/home/andrew/Documents/QA/Docaposte/Projet">
<suite id="s1-s1" name="Robot" source="/home/andrew/Documents/QA/Docaposte/Projet/robot">
<suite id="s1-s1-s1" name="Test-Ecommerce" source="/home/andrew/Documents/QA/Docaposte/Projet/robot/test-ecommerce.robot">
<test id="s1-s1-s1-t1" name="E-Commerce" line="20">
<kw name="Open Browser" library="SeleniumLibrary" type="SETUP">
<arg>https://www.google.com/</arg>
<arg>chrome</arg>
<doc>Opens a new browser instance to the optional ``url``.</doc>
<msg timestamp="20240212 10:24:58.988" level="INFO">Opening browser 'chrome' to base url 'https://www.google.com/'.</msg>
<status status="PASS" starttime="20240212 10:24:58.985" endtime="20240212 10:25:03.973"/>
</kw>
<kw name="Maximize Browser Window" library="SeleniumLibrary">
<doc>Maximizes current browser window.</doc>
<status status="PASS" starttime="20240212 10:25:03.975" endtime="20240212 10:25:04.089"/>
</kw>
<kw name="Set Selenium Implicit Wait" library="SeleniumLibrary">
<arg>5 seconds</arg>
<doc>Sets the implicit wait value used by Selenium.</doc>
<status status="PASS" starttime="20240212 10:25:04.092" endtime="20240212 10:25:04.100"/>
</kw>
<kw name="Login">
<arg>${username}</arg>
<arg>${password}</arg>
<kw name="Go To" library="SeleniumLibrary">
<arg>${login_url}</arg>
<doc>Navigates the current browser window to the provided ``url``.</doc>
<msg timestamp="20240212 10:25:04.110" level="INFO">Opening url 'http://127.0.0.1:5000/login'</msg>
<status status="PASS" starttime="20240212 10:25:04.107" endtime="20240212 10:25:04.500"/>
</kw>
<kw name="Sleep" library="BuiltIn">
<arg>1 seconds</arg>
<doc>Pauses the test executed for the given time.</doc>
<msg timestamp="20240212 10:25:05.504" level="INFO">Slept 1 second</msg>
<status status="PASS" starttime="20240212 10:25:04.502" endtime="20240212 10:25:05.505"/>
</kw>
<kw name="Input Text" library="SeleniumLibrary">
<arg>id=username</arg>
<arg>${username}</arg>
<doc>Types the given ``text`` into the text field identified by ``locator``.</doc>
<msg timestamp="20240212 10:25:05.508" level="INFO">Typing text 'Vasia' into text field 'id=username'.</msg>
<status status="PASS" starttime="20240212 10:25:05.506" endtime="20240212 10:25:05.885"/>
</kw>
<kw name="Input Text" library="SeleniumLibrary">
<arg>id=password</arg>
<arg>${password}</arg>
<doc>Types the given ``text`` into the text field identified by ``locator``.</doc>
<msg timestamp="20240212 10:25:05.889" level="INFO">Typing text 'Password-1' into text field 'id=password'.</msg>
<status status="PASS" starttime="20240212 10:25:05.886" endtime="20240212 10:25:06.201"/>
</kw>
<kw name="Click Button" library="SeleniumLibrary">
<arg>id=submit</arg>
<doc>Clicks the button identified by ``locator``.</doc>
<msg timestamp="20240212 10:25:06.207" level="INFO">Clicking button 'id=submit'.</msg>
<status status="PASS" starttime="20240212 10:25:06.203" endtime="20240212 10:25:07.658"/>
</kw>
<status status="PASS" starttime="20240212 10:25:04.103" endtime="20240212 10:25:07.659"/>
</kw>
<kw name="User Profile">
<kw name="Click Element" library="SeleniumLibrary">
<arg>xpath://b[contains(text(),'${username}')]</arg>
<doc>Click the element identified by ``locator``.</doc>
<msg timestamp="20240212 10:25:07.667" level="INFO">Clicking element 'xpath://b[contains(text(),'Vasia')]'.</msg>
<status status="PASS" starttime="20240212 10:25:07.663" endtime="20240212 10:25:07.847"/>
</kw>
<kw name="Get Title" library="SeleniumLibrary">
<var>${page_title}</var>
<doc>Returns the title of the current page.</doc>
<msg timestamp="20240212 10:25:07.869" level="INFO">${page_title} = E-Commerce | Market</msg>
<status status="PASS" starttime="20240212 10:25:07.848" endtime="20240212 10:25:07.870"/>
</kw>
<kw name="Should Be Equal As Strings" library="BuiltIn">
<arg>first=${page_title}</arg>
<arg>second=E-Commerce | Market</arg>
<arg>msg=Actual result : The same page\nExpected result : User Profile page</arg>
<doc>Fails if objects are unequal after converting them to strings.</doc>
<status status="PASS" starttime="20240212 10:25:07.871" endtime="20240212 10:25:07.874"/>
</kw>
<kw name="Sleep" library="BuiltIn">
<arg>5 seconds</arg>
<doc>Pauses the test executed for the given time.</doc>
<msg timestamp="20240212 10:25:12.876" level="INFO">Slept 5 seconds</msg>
<status status="PASS" starttime="20240212 10:25:07.875" endtime="20240212 10:25:12.877"/>
</kw>
<status status="PASS" starttime="20240212 10:25:07.660" endtime="20240212 10:25:12.880"/>
</kw>
<kw name="Close Browser" library="SeleniumLibrary" type="TEARDOWN">
<doc>Closes the current browser.</doc>
<status status="PASS" starttime="20240212 10:25:12.882" endtime="20240212 10:25:13.063"/>
</kw>
<status status="PASS" starttime="20240212 10:24:58.982" endtime="20240212 10:25:13.065"/>
</test>
<status status="PASS" starttime="20240212 10:24:58.398" endtime="20240212 10:25:13.073"/>
</suite>
<status status="PASS" starttime="20240212 10:24:58.388" endtime="20240212 10:25:13.082"/>
</suite>
<status status="PASS" starttime="20240212 10:24:58.305" endtime="20240212 10:25:13.090"/>
</suite>
<statistics>
<total>
<stat pass="1" fail="0" skip="0">All Tests</stat>
</total>
<tag>
</tag>
<suite>
<stat pass="1" fail="0" skip="0" id="s1" name="Projet">Projet</stat>
<stat pass="1" fail="0" skip="0" id="s1-s1" name="Robot">Projet.Robot</stat>
<stat pass="1" fail="0" skip="0" id="s1-s1-s1" name="Test-Ecommerce">Projet.Robot.Test-Ecommerce</stat>
</suite>
</statistics>
<errors>
</errors>
</robot>
