<?xml version="1.0" encoding="UTF-8"?>
<robot generator="Robot 6.1.1 (Python 3.10.12 on linux)" generated="20240212 23:08:50.471" rpa="false" schemaversion="4">
<suite id="s1" name="Projet" source="/home/andrew/Documents/QA/Docaposte/Projet">
<suite id="s1-s1" name="Robot" source="/home/andrew/Documents/QA/Docaposte/Projet/robot">
<suite id="s1-s1-s1" name="Test-Ecommerce-Admin" source="/home/andrew/Documents/QA/Docaposte/Projet/robot/test-ecommerce-admin.robot">
<test id="s1-s1-s1-t1" name="E-Commerce" line="20">
<kw name="Open Browser" library="SeleniumLibrary" type="SETUP">
<arg>https://www.google.com/</arg>
<arg>chrome</arg>
<doc>Opens a new browser instance to the optional ``url``.</doc>
<msg timestamp="20240212 23:08:50.651" level="INFO">Opening browser 'chrome' to base url 'https://www.google.com/'.</msg>
<status status="PASS" starttime="20240212 23:08:50.650" endtime="20240212 23:08:54.533"/>
</kw>
<kw name="Maximize Browser Window" library="SeleniumLibrary">
<doc>Maximizes current browser window.</doc>
<status status="PASS" starttime="20240212 23:08:54.534" endtime="20240212 23:08:54.644"/>
</kw>
<kw name="Set Selenium Implicit Wait" library="SeleniumLibrary">
<arg>5 seconds</arg>
<doc>Sets the implicit wait value used by Selenium.</doc>
<status status="PASS" starttime="20240212 23:08:54.646" endtime="20240212 23:08:54.649"/>
</kw>
<kw name="Login">
<arg>${username}</arg>
<arg>${password}</arg>
<kw name="Go To" library="SeleniumLibrary">
<arg>${login_url}</arg>
<doc>Navigates the current browser window to the provided ``url``.</doc>
<msg timestamp="20240212 23:08:54.651" level="INFO">Opening url 'http://127.0.0.1:5000/login'</msg>
<status status="PASS" starttime="20240212 23:08:54.650" endtime="20240212 23:08:55.163"/>
</kw>
<kw name="Sleep" library="BuiltIn">
<arg>1 seconds</arg>
<doc>Pauses the test executed for the given time.</doc>
<msg timestamp="20240212 23:08:56.165" level="INFO">Slept 1 second</msg>
<status status="PASS" starttime="20240212 23:08:55.164" endtime="20240212 23:08:56.166"/>
</kw>
<kw name="Input Text" library="SeleniumLibrary">
<arg>id=username</arg>
<arg>${username}</arg>
<doc>Types the given ``text`` into the text field identified by ``locator``.</doc>
<msg timestamp="20240212 23:08:56.167" level="INFO">Typing text 'admin' into text field 'id=username'.</msg>
<status status="PASS" starttime="20240212 23:08:56.166" endtime="20240212 23:08:56.330"/>
</kw>
<kw name="Input Text" library="SeleniumLibrary">
<arg>id=password</arg>
<arg>${password}</arg>
<doc>Types the given ``text`` into the text field identified by ``locator``.</doc>
<msg timestamp="20240212 23:08:56.331" level="INFO">Typing text 'admin' into text field 'id=password'.</msg>
<status status="PASS" starttime="20240212 23:08:56.330" endtime="20240212 23:08:56.454"/>
</kw>
<kw name="Click Button" library="SeleniumLibrary">
<arg>id=submit</arg>
<doc>Clicks the button identified by ``locator``.</doc>
<msg timestamp="20240212 23:08:56.457" level="INFO">Clicking button 'id=submit'.</msg>
<status status="PASS" starttime="20240212 23:08:56.455" endtime="20240212 23:08:56.854"/>
</kw>
<status status="PASS" starttime="20240212 23:08:54.650" endtime="20240212 23:08:56.855"/>
</kw>
<kw name="User Update">
<kw name="Go To" library="SeleniumLibrary">
<arg>${admin_url}</arg>
<doc>Navigates the current browser window to the provided ``url``.</doc>
<msg timestamp="20240212 23:08:56.857" level="INFO">Opening url 'http://127.0.0.1:5000/admin'</msg>
<status status="PASS" starttime="20240212 23:08:56.856" endtime="20240212 23:08:56.927"/>
</kw>
<kw name="Sleep" library="BuiltIn">
<arg>1 seconds</arg>
<doc>Pauses the test executed for the given time.</doc>
<msg timestamp="20240212 23:08:57.928" level="INFO">Slept 1 second</msg>
<status status="PASS" starttime="20240212 23:08:56.927" endtime="20240212 23:08:57.929"/>
</kw>
<kw name="Get Title" library="SeleniumLibrary">
<var>${page_title_before}</var>
<doc>Returns the title of the current page.</doc>
<msg timestamp="20240212 23:08:57.949" level="INFO">${page_title_before} = E-Commerce | Admin</msg>
<status status="PASS" starttime="20240212 23:08:57.930" endtime="20240212 23:08:57.949"/>
</kw>
<kw name="Click Element" library="SeleniumLibrary">
<arg>xpath://div[@class='col-4']/table/tbody/tr[2]/td[2]</arg>
<doc>Click the element identified by ``locator``.</doc>
<msg timestamp="20240212 23:08:57.952" level="INFO">Clicking element 'xpath://div[@class='col-4']/table/tbody/tr[2]/td[2]'.</msg>
<status status="PASS" starttime="20240212 23:08:57.950" endtime="20240212 23:08:58.038"/>
</kw>
<kw name="Get Title" library="SeleniumLibrary">
<var>${page_title_after}</var>
<doc>Returns the title of the current page.</doc>
<msg timestamp="20240212 23:08:58.045" level="INFO">${page_title_after} = E-Commerce | Admin</msg>
<status status="PASS" starttime="20240212 23:08:58.039" endtime="20240212 23:08:58.045"/>
</kw>
<kw name="Should Not Be Equal As Strings" library="BuiltIn">
<arg>first=${page_title_before}</arg>
<arg>second=${page_title_after}</arg>
<arg>msg=Actual result : The same page\nExpected result : User Details page</arg>
<doc>Fails if objects are equal after converting them to strings.</doc>
<msg timestamp="20240212 23:08:58.047" level="FAIL">Actual result : The same page
Expected result : User Details page: E-Commerce | Admin == E-Commerce | Admin</msg>
<status status="FAIL" starttime="20240212 23:08:58.046" endtime="20240212 23:08:58.048"/>
</kw>
<status status="FAIL" starttime="20240212 23:08:56.855" endtime="20240212 23:08:58.049"/>
</kw>
<kw name="Logout">
<status status="NOT RUN" starttime="20240212 23:08:58.049" endtime="20240212 23:08:58.049"/>
</kw>
<kw name="Close Browser" library="SeleniumLibrary" type="TEARDOWN">
<doc>Closes the current browser.</doc>
<status status="PASS" starttime="20240212 23:08:58.050" endtime="20240212 23:08:58.120"/>
</kw>
<status status="FAIL" starttime="20240212 23:08:50.649" endtime="20240212 23:08:58.121">Actual result : The same page
Expected result : User Details page: E-Commerce | Admin == E-Commerce | Admin</status>
</test>
<status status="FAIL" starttime="20240212 23:08:50.499" endtime="20240212 23:08:58.123"/>
</suite>
<status status="FAIL" starttime="20240212 23:08:50.497" endtime="20240212 23:08:58.125"/>
</suite>
<status status="FAIL" starttime="20240212 23:08:50.474" endtime="20240212 23:08:58.127"/>
</suite>
<statistics>
<total>
<stat pass="0" fail="1" skip="0">All Tests</stat>
</total>
<tag>
</tag>
<suite>
<stat pass="0" fail="1" skip="0" id="s1" name="Projet">Projet</stat>
<stat pass="0" fail="1" skip="0" id="s1-s1" name="Robot">Projet.Robot</stat>
<stat pass="0" fail="1" skip="0" id="s1-s1-s1" name="Test-Ecommerce-Admin">Projet.Robot.Test-Ecommerce-Admin</stat>
</suite>
</statistics>
<errors>
</errors>
</robot>
